<?xml version="1.0" encoding="UTF-8"?>
<!-- Generated by org.testng.reporters.JUnitReportReporter -->
<testsuite hostname="LAPTOP-30FJ9GPS" failures="0" tests="1" name="appTests.StaysTest" time="52.621" errors="0" timestamp="2024-11-10T09:54:29 AST" skipped="0">
  <testcase classname="appTests.StaysTest" name="testReserveStayWithFreeCancelationAndLowCost" time="52.621"/>
  <system-out/>
</testsuite> <!-- appTests.StaysTest -->
